# JRE version: Java(TM) SE Runtime Environment (8.0_66-b18) (build 1.8.0_66-b18)
# Java VM: Java HotSpot(TM) 64-Bit Server VM (25.66-b18 mixed mode windows-amd64 compressed oops)
Heap:
 PSYoungGen      total 101888K, used 19837K [0x00000000ebb80000, 0x00000000f3000000, 0x0000000100000000)
  eden space 91136K, 15% used [0x00000000ebb80000,0x00000000ec981448,0x00000000f1480000)
  from space 10752K, 51% used [0x00000000f1480000,0x00000000f19de2b0,0x00000000f1f00000)
  to   space 10240K, 0% used [0x00000000f2600000,0x00000000f2600000,0x00000000f3000000)
 ParOldGen       total 89600K, used 33134K [0x00000000c3200000, 0x00000000c8980000, 0x00000000ebb80000)
  object space 89600K, 36% used [0x00000000c3200000,0x00000000c525bbf0,0x00000000c8980000)
 Metaspace       used 63050K, capacity 63796K, committed 64256K, reserved 1103872K
  class space    used 8650K, capacity 8870K, committed 8960K, reserved 1048576K
GC Heap History (10 events):
Event: 69.011 GC heap before
{Heap before GC invocations=24 (full 2):
 PSYoungGen      total 76800K, used 74592K [0x00000000ebb80000, 0x00000000f1900000, 0x0000000100000000)
  eden space 69632K, 100% used [0x00000000ebb80000,0x00000000eff80000,0x00000000eff80000)
  from space 7168K, 69% used [0x00000000eff80000,0x00000000f0458120,0x00000000f0680000)
  to   space 7168K, 0% used [0x00000000f1200000,0x00000000f1200000,0x00000000f1900000)
 ParOldGen       total 64512K, used 23788K [0x00000000c3200000, 0x00000000c7100000, 0x00000000ebb80000)
  object space 64512K, 36% used [0x00000000c3200000,0x00000000c493b2a8,0x00000000c7100000)
 Metaspace       used 47972K, capacity 48600K, committed 48896K, reserved 1091584K
  class space    used 6648K, capacity 6855K, committed 6912K, reserved 1048576K
Event: 69.024 GC heap after
Heap after GC invocations=24 (full 2):
 PSYoungGen      total 86528K, used 7157K [0x00000000ebb80000, 0x00000000f1c00000, 0x0000000100000000)
  eden space 79360K, 0% used [0x00000000ebb80000,0x00000000ebb80000,0x00000000f0900000)
  from space 7168K, 99% used [0x00000000f1200000,0x00000000f18fd408,0x00000000f1900000)
  to   space 9216K, 0% used [0x00000000f0900000,0x00000000f0900000,0x00000000f1200000)
 ParOldGen       total 64512K, used 26225K [0x00000000c3200000, 0x00000000c7100000, 0x00000000ebb80000)
  object space 64512K, 40% used [0x00000000c3200000,0x00000000c4b9c408,0x00000000c7100000)
 Metaspace       used 47972K, capacity 48600K, committed 48896K, reserved 1091584K
  class space    used 6648K, capacity 6855K, committed 6912K, reserved 1048576K
}
Event: 73.766 GC heap before
{Heap before GC invocations=25 (full 2):
 PSYoungGen      total 86528K, used 86517K [0x00000000ebb80000, 0x00000000f1c00000, 0x0000000100000000)
  eden space 79360K, 100% used [0x00000000ebb80000,0x00000000f0900000,0x00000000f0900000)
  from space 7168K, 99% used [0x00000000f1200000,0x00000000f18fd408,0x00000000f1900000)
  to   space 9216K, 0% used [0x00000000f0900000,0x00000000f0900000,0x00000000f1200000)
 ParOldGen       total 64512K, used 26225K [0x00000000c3200000, 0x00000000c7100000, 0x00000000ebb80000)
  object space 64512K, 40% used [0x00000000c3200000,0x00000000c4b9c408,0x00000000c7100000)
 Metaspace       used 54255K, capacity 54890K, committed 55168K, reserved 1097728K
  class space    used 7473K, capacity 7690K, committed 7808K, reserved 1048576K
Event: 73.783 GC heap after
Heap after GC invocations=25 (full 2):
 PSYoungGen      total 88576K, used 9203K [0x00000000ebb80000, 0x00000000f2a00000, 0x0000000100000000)
  eden space 79360K, 0% used [0x00000000ebb80000,0x00000000ebb80000,0x00000000f0900000)
  from space 9216K, 99% used [0x00000000f0900000,0x00000000f11fcc50,0x00000000f1200000)
  to   space 11264K, 0% used [0x00000000f1f00000,0x00000000f1f00000,0x00000000f2a00000)
 ParOldGen       total 64512K, used 28336K [0x00000000c3200000, 0x00000000c7100000, 0x00000000ebb80000)
  object space 64512K, 43% used [0x00000000c3200000,0x00000000c4dac1d0,0x00000000c7100000)
 Metaspace       used 54255K, capacity 54890K, committed 55168K, reserved 1097728K
  class space    used 7473K, capacity 7690K, committed 7808K, reserved 1048576K
}
Event: 75.416 GC heap before
{Heap before GC invocations=26 (full 2):
 PSYoungGen      total 88576K, used 50609K [0x00000000ebb80000, 0x00000000f2a00000, 0x0000000100000000)
  eden space 79360K, 52% used [0x00000000ebb80000,0x00000000ee3efb80,0x00000000f0900000)
  from space 9216K, 99% used [0x00000000f0900000,0x00000000f11fcc50,0x00000000f1200000)
  to   space 11264K, 0% used [0x00000000f1f00000,0x00000000f1f00000,0x00000000f2a00000)
 ParOldGen       total 64512K, used 28336K [0x00000000c3200000, 0x00000000c7100000, 0x00000000ebb80000)
  object space 64512K, 43% used [0x00000000c3200000,0x00000000c4dac1d0,0x00000000c7100000)
 Metaspace       used 58099K, capacity 58754K, committed 59028K, reserved 1099776K
  class space    used 7992K, capacity 8167K, committed 8192K, reserved 1048576K
Event: 75.432 GC heap after
Heap after GC invocations=26 (full 2):
 PSYoungGen      total 102400K, used 5945K [0x00000000ebb80000, 0x00000000f2a00000, 0x0000000100000000)
  eden space 91136K, 0% used [0x00000000ebb80000,0x00000000ebb80000,0x00000000f1480000)
  from space 11264K, 52% used [0x00000000f1f00000,0x00000000f24ce6e8,0x00000000f2a00000)
  to   space 10752K, 0% used [0x00000000f1480000,0x00000000f1480000,0x00000000f1f00000)
 ParOldGen       total 64512K, used 31945K [0x00000000c3200000, 0x00000000c7100000, 0x00000000ebb80000)
  object space 64512K, 49% used [0x00000000c3200000,0x00000000c5132560,0x00000000c7100000)
 Metaspace       used 58099K, capacity 58754K, committed 59028K, reserved 1099776K
  class space    used 7992K, capacity 8167K, committed 8192K, reserved 1048576K
}
Event: 75.432 GC heap before
{Heap before GC invocations=27 (full 3):
 PSYoungGen      total 102400K, used 5945K [0x00000000ebb80000, 0x00000000f2a00000, 0x0000000100000000)
  eden space 91136K, 0% used [0x00000000ebb80000,0x00000000ebb80000,0x00000000f1480000)
  from space 11264K, 52% used [0x00000000f1f00000,0x00000000f24ce6e8,0x00000000f2a00000)
  to   space 10752K, 0% used [0x00000000f1480000,0x00000000f1480000,0x00000000f1f00000)
 ParOldGen       total 64512K, used 31945K [0x00000000c3200000, 0x00000000c7100000, 0x00000000ebb80000)
  object space 64512K, 49% used [0x00000000c3200000,0x00000000c5132560,0x00000000c7100000)
 Metaspace       used 58099K, capacity 58754K, committed 59028K, reserved 1099776K
  class space    used 7992K, capacity 8167K, committed 8192K, reserved 1048576K
Event: 76.058 GC heap after
Heap after GC invocations=27 (full 3):
 PSYoungGen      total 102400K, used 0K [0x00000000ebb80000, 0x00000000f2a00000, 0x0000000100000000)
  eden space 91136K, 0% used [0x00000000ebb80000,0x00000000ebb80000,0x00000000f1480000)
  from space 11264K, 0% used [0x00000000f1f00000,0x00000000f1f00000,0x00000000f2a00000)
  to   space 10752K, 0% used [0x00000000f1480000,0x00000000f1480000,0x00000000f1f00000)
 ParOldGen       total 89600K, used 33126K [0x00000000c3200000, 0x00000000c8980000, 0x00000000ebb80000)
  object space 89600K, 36% used [0x00000000c3200000,0x00000000c5259bf0,0x00000000c8980000)
 Metaspace       used 58099K, capacity 58754K, committed 59028K, reserved 1099776K
  class space    used 7992K, capacity 8167K, committed 8192K, reserved 1048576K
}
Event: 80.525 GC heap before
{Heap before GC invocations=28 (full 3):
 PSYoungGen      total 102400K, used 91136K [0x00000000ebb80000, 0x00000000f2a00000, 0x0000000100000000)
  eden space 91136K, 100% used [0x00000000ebb80000,0x00000000f1480000,0x00000000f1480000)
  from space 11264K, 0% used [0x00000000f1f00000,0x00000000f1f00000,0x00000000f2a00000)
  to   space 10752K, 0% used [0x00000000f1480000,0x00000000f1480000,0x00000000f1f00000)
 ParOldGen       total 89600K, used 33126K [0x00000000c3200000, 0x00000000c8980000, 0x00000000ebb80000)
  object space 89600K, 36% used [0x00000000c3200000,0x00000000c5259bf0,0x00000000c8980000)
 Metaspace       used 61978K, capacity 62708K, committed 62976K, reserved 1103872K
  class space    used 8478K, capacity 8678K, committed 8704K, reserved 1048576K
Event: 80.537 GC heap after
Heap after GC invocations=28 (full 3):
 PSYoungGen      total 101888K, used 5496K [0x00000000ebb80000, 0x00000000f3000000, 0x0000000100000000)
  eden space 91136K, 0% used [0x00000000ebb80000,0x00000000ebb80000,0x00000000f1480000)
  from space 10752K, 51% used [0x00000000f1480000,0x00000000f19de2b0,0x00000000f1f00000)
  to   space 10240K, 0% used [0x00000000f2600000,0x00000000f2600000,0x00000000f3000000)
 ParOldGen       total 89600K, used 33134K [0x00000000c3200000, 0x00000000c8980000, 0x00000000ebb80000)
  object space 89600K, 36% used [0x00000000c3200000,0x00000000c525bbf0,0x00000000c8980000)
 Metaspace       used 61978K, capacity 62708K, committed 62976K, reserved 1103872K
  class space    used 8478K, capacity 8678K, committed 8704K, reserved 1048576K
}

