# JRE version: Java(TM) SE Runtime Environment (8.0_66-b18) (build 1.8.0_66-b18)
# Java VM: Java HotSpot(TM) 64-Bit Server VM (25.66-b18 mixed mode windows-amd64 compressed oops)
Heap:
 PSYoungGen      total 110080K, used 87188K [0x00000000ebb80000, 0x00000000f3780000, 0x0000000100000000)
  eden space 100352K, 86% used [0x00000000ebb80000,0x00000000f10a5390,0x00000000f1d80000)
  from space 9728K, 0% used [0x00000000f2180000,0x00000000f2180000,0x00000000f2b00000)
  to   space 12800K, 0% used [0x00000000f2b00000,0x00000000f2b00000,0x00000000f3780000)
 ParOldGen       total 73728K, used 27994K [0x00000000c3200000, 0x00000000c7a00000, 0x00000000ebb80000)
  object space 73728K, 37% used [0x00000000c3200000,0x00000000c4d56b38,0x00000000c7a00000)
 Metaspace       used 58110K, capacity 58682K, committed 59520K, reserved 1099776K
  class space    used 7901K, capacity 8091K, committed 8320K, reserved 1048576K
GC Heap History (10 events):
Event: 141.420 GC heap before
{Heap before GC invocations=20 (full 2):
 PSYoungGen      total 87552K, used 79872K [0x00000000ebb80000, 0x00000000f3000000, 0x0000000100000000)
  eden space 79872K, 100% used [0x00000000ebb80000,0x00000000f0980000,0x00000000f0980000)
  from space 7680K, 0% used [0x00000000f0980000,0x00000000f0980000,0x00000000f1100000)
  to   space 7680K, 0% used [0x00000000f2880000,0x00000000f2880000,0x00000000f3000000)
 ParOldGen       total 55296K, used 22147K [0x00000000c3200000, 0x00000000c6800000, 0x00000000ebb80000)
  object space 55296K, 40% used [0x00000000c3200000,0x00000000c47a0cc0,0x00000000c6800000)
 Metaspace       used 40475K, capacity 41142K, committed 41472K, reserved 1085440K
  class space    used 5642K, capacity 5852K, committed 5888K, reserved 1048576K
Event: 141.436 GC heap after
Heap after GC invocations=20 (full 2):
 PSYoungGen      total 99840K, used 6876K [0x00000000ebb80000, 0x00000000f2f80000, 0x0000000100000000)
  eden space 92672K, 0% used [0x00000000ebb80000,0x00000000ebb80000,0x00000000f1600000)
  from space 7168K, 95% used [0x00000000f2880000,0x00000000f2f371b8,0x00000000f2f80000)
  to   space 8192K, 0% used [0x00000000f1f80000,0x00000000f1f80000,0x00000000f2780000)
 ParOldGen       total 55296K, used 22155K [0x00000000c3200000, 0x00000000c6800000, 0x00000000ebb80000)
  object space 55296K, 40% used [0x00000000c3200000,0x00000000c47a2cc0,0x00000000c6800000)
 Metaspace       used 40475K, capacity 41142K, committed 41472K, reserved 1085440K
  class space    used 5642K, capacity 5852K, committed 5888K, reserved 1048576K
}
Event: 147.429 GC heap before
{Heap before GC invocations=21 (full 2):
 PSYoungGen      total 99840K, used 99548K [0x00000000ebb80000, 0x00000000f2f80000, 0x0000000100000000)
  eden space 92672K, 100% used [0x00000000ebb80000,0x00000000f1600000,0x00000000f1600000)
  from space 7168K, 95% used [0x00000000f2880000,0x00000000f2f371b8,0x00000000f2f80000)
  to   space 8192K, 0% used [0x00000000f1f80000,0x00000000f1f80000,0x00000000f2780000)
 ParOldGen       total 55296K, used 22155K [0x00000000c3200000, 0x00000000c6800000, 0x00000000ebb80000)
  object space 55296K, 40% used [0x00000000c3200000,0x00000000c47a2cc0,0x00000000c6800000)
 Metaspace       used 49417K, capacity 50114K, committed 50432K, reserved 1093632K
  class space    used 6894K, capacity 7134K, committed 7168K, reserved 1048576K
Event: 147.454 GC heap after
Heap after GC invocations=21 (full 2):
 PSYoungGen      total 110592K, used 8170K [0x00000000ebb80000, 0x00000000f3800000, 0x0000000100000000)
  eden space 102400K, 0% used [0x00000000ebb80000,0x00000000ebb80000,0x00000000f1f80000)
  from space 8192K, 99% used [0x00000000f1f80000,0x00000000f277a8f0,0x00000000f2780000)
  to   space 10752K, 0% used [0x00000000f2d80000,0x00000000f2d80000,0x00000000f3800000)
 ParOldGen       total 55296K, used 25347K [0x00000000c3200000, 0x00000000c6800000, 0x00000000ebb80000)
  object space 55296K, 45% used [0x00000000c3200000,0x00000000c4ac0c38,0x00000000c6800000)
 Metaspace       used 49417K, capacity 50114K, committed 50432K, reserved 1093632K
  class space    used 6894K, capacity 7134K, committed 7168K, reserved 1048576K
}
Event: 149.606 GC heap before
{Heap before GC invocations=22 (full 2):
 PSYoungGen      total 110592K, used 110570K [0x00000000ebb80000, 0x00000000f3800000, 0x0000000100000000)
  eden space 102400K, 100% used [0x00000000ebb80000,0x00000000f1f80000,0x00000000f1f80000)
  from space 8192K, 99% used [0x00000000f1f80000,0x00000000f277a8f0,0x00000000f2780000)
  to   space 10752K, 0% used [0x00000000f2d80000,0x00000000f2d80000,0x00000000f3800000)
 ParOldGen       total 55296K, used 25347K [0x00000000c3200000, 0x00000000c6800000, 0x00000000ebb80000)
  object space 55296K, 45% used [0x00000000c3200000,0x00000000c4ac0c38,0x00000000c6800000)
 Metaspace       used 56455K, capacity 57088K, committed 57472K, reserved 1099776K
  class space    used 7849K, capacity 8047K, committed 8064K, reserved 1048576K
Event: 149.625 GC heap after
Heap after GC invocations=22 (full 2):
 PSYoungGen      total 115200K, used 10189K [0x00000000ebb80000, 0x00000000f4580000, 0x0000000100000000)
  eden space 104448K, 0% used [0x00000000ebb80000,0x00000000ebb80000,0x00000000f2180000)
  from space 10752K, 94% used [0x00000000f2d80000,0x00000000f37737d0,0x00000000f3800000)
  to   space 12288K, 0% used [0x00000000f2180000,0x00000000f2180000,0x00000000f2d80000)
 ParOldGen       total 55296K, used 30095K [0x00000000c3200000, 0x00000000c6800000, 0x00000000ebb80000)
  object space 55296K, 54% used [0x00000000c3200000,0x00000000c4f63dc8,0x00000000c6800000)
 Metaspace       used 56455K, capacity 57088K, committed 57472K, reserved 1099776K
  class space    used 7849K, capacity 8047K, committed 8064K, reserved 1048576K
}
Event: 2138.695 GC heap before
{Heap before GC invocations=23 (full 2):
 PSYoungGen      total 115200K, used 78425K [0x00000000ebb80000, 0x00000000f4580000, 0x0000000100000000)
  eden space 104448K, 65% used [0x00000000ebb80000,0x00000000efe22e40,0x00000000f2180000)
  from space 10752K, 94% used [0x00000000f2d80000,0x00000000f37737d0,0x00000000f3800000)
  to   space 12288K, 0% used [0x00000000f2180000,0x00000000f2180000,0x00000000f2d80000)
 ParOldGen       total 55296K, used 30095K [0x00000000c3200000, 0x00000000c6800000, 0x00000000ebb80000)
  object space 55296K, 54% used [0x00000000c3200000,0x00000000c4f63dc8,0x00000000c6800000)
 Metaspace       used 58009K, capacity 58678K, committed 59008K, reserved 1099776K
  class space    used 7977K, capacity 8211K, committed 8320K, reserved 1048576K
Event: 2138.874 GC heap after
Heap after GC invocations=23 (full 2):
 PSYoungGen      total 110080K, used 9324K [0x00000000ebb80000, 0x00000000f3780000, 0x0000000100000000)
  eden space 100352K, 0% used [0x00000000ebb80000,0x00000000ebb80000,0x00000000f1d80000)
  from space 9728K, 95% used [0x00000000f2180000,0x00000000f2a9b188,0x00000000f2b00000)
  to   space 12800K, 0% used [0x00000000f2b00000,0x00000000f2b00000,0x00000000f3780000)
 ParOldGen       total 55296K, used 30103K [0x00000000c3200000, 0x00000000c6800000, 0x00000000ebb80000)
  object space 55296K, 54% used [0x00000000c3200000,0x00000000c4f65dc8,0x00000000c6800000)
 Metaspace       used 58009K, capacity 58678K, committed 59008K, reserved 1099776K
  class space    used 7977K, capacity 8211K, committed 8320K, reserved 1048576K
}
Event: 2138.874 GC heap before
{Heap before GC invocations=24 (full 3):
 PSYoungGen      total 110080K, used 9324K [0x00000000ebb80000, 0x00000000f3780000, 0x0000000100000000)
  eden space 100352K, 0% used [0x00000000ebb80000,0x00000000ebb80000,0x00000000f1d80000)
  from space 9728K, 95% used [0x00000000f2180000,0x00000000f2a9b188,0x00000000f2b00000)
  to   space 12800K, 0% used [0x00000000f2b00000,0x00000000f2b00000,0x00000000f3780000)
 ParOldGen       total 55296K, used 30103K [0x00000000c3200000, 0x00000000c6800000, 0x00000000ebb80000)
  object space 55296K, 54% used [0x00000000c3200000,0x00000000c4f65dc8,0x00000000c6800000)
 Metaspace       used 58009K, capacity 58678K, committed 59008K, reserved 1099776K
  class space    used 7977K, capacity 8211K, committed 8320K, reserved 1048576K
Event: 2139.553 GC heap after
Heap after GC invocations=24 (full 3):
 PSYoungGen      total 110080K, used 0K [0x00000000ebb80000, 0x00000000f3780000, 0x0000000100000000)
  eden space 100352K, 0% used [0x00000000ebb80000,0x00000000ebb80000,0x00000000f1d80000)
  from space 9728K, 0% used [0x00000000f2180000,0x00000000f2180000,0x00000000f2b00000)
  to   space 12800K, 0% used [0x00000000f2b00000,0x00000000f2b00000,0x00000000f3780000)
 ParOldGen       total 73728K, used 27994K [0x00000000c3200000, 0x00000000c7a00000, 0x00000000ebb80000)
  object space 73728K, 37% used [0x00000000c3200000,0x00000000c4d56b38,0x00000000c7a00000)
 Metaspace       used 57766K, capacity 58280K, committed 59008K, reserved 1099776K
  class space    used 7898K, capacity 8088K, committed 8320K, reserved 1048576K
}

